ERROR - 2025-11-13 16:49:55 --> mysqli_sql_exception: Duplicate entry 'admin@mail.com' for key 'usuarios.correo' in C:\laragon\www\bienes\system\Database\MySQLi\Connection.php:327
Stack trace:
#0 C:\laragon\www\bienes\system\Database\MySQLi\Connection.php(327): mysqli->query('INSERT INTO `us...', 0)
#1 C:\laragon\www\bienes\system\Database\BaseConnection.php(729): CodeIgniter\Database\MySQLi\Connection->execute('INSERT INTO `us...')
#2 C:\laragon\www\bienes\system\Database\BaseConnection.php(646): CodeIgniter\Database\BaseConnection->simpleQuery('INSERT INTO `us...')
#3 C:\laragon\www\bienes\system\Database\BaseBuilder.php(2345): CodeIgniter\Database\BaseConnection->query('INSERT INTO `us...', Array, false)
#4 C:\laragon\www\bienes\system\Model.php(394): CodeIgniter\Database\BaseBuilder->insert()
#5 C:\laragon\www\bienes\system\BaseModel.php(838): CodeIgniter\Model->doInsert(Array)
#6 C:\laragon\www\bienes\system\Model.php(797): CodeIgniter\BaseModel->insert(Array, true)
#7 C:\laragon\www\bienes\app\Controllers\Usuarios.php(38): CodeIgniter\Model->insert(Array)
#8 C:\laragon\www\bienes\system\CodeIgniter.php(933): App\Controllers\Usuarios->store()
#9 C:\laragon\www\bienes\system\CodeIgniter.php(507): CodeIgniter\CodeIgniter->runController(Object(App\Controllers\Usuarios))
#10 C:\laragon\www\bienes\system\CodeIgniter.php(354): CodeIgniter\CodeIgniter->handleRequest(NULL, Object(Config\Cache), false)
#11 C:\laragon\www\bienes\system\Boot.php(363): CodeIgniter\CodeIgniter->run()
#12 C:\laragon\www\bienes\system\Boot.php(68): CodeIgniter\Boot::runCodeIgniter(Object(CodeIgniter\CodeIgniter))
#13 C:\laragon\www\bienes\index.php(59): CodeIgniter\Boot::bootWeb(Object(Config\Paths))
#14 {main}
CRITICAL - 2025-11-13 16:49:56 --> CodeIgniter\Database\Exceptions\DatabaseException: Duplicate entry 'admin@mail.com' for key 'usuarios.correo'
[Method: POST, Route: usuarios/store]
in SYSTEMPATH\Database\BaseConnection.php on line 684.
 1 SYSTEMPATH\Database\BaseBuilder.php(2345): CodeIgniter\Database\BaseConnection->query('INSERT INTO `usuarios` (`nombre`, `correo`, `usuario`, `password_hash`, `rol`, `estado`, `creado_en`, `actualizado_en`) VALUES (:nombre:, :correo:, :usuario:, :password_hash:, :rol:, :estado:, :creado_en:, :actualizado_en:)', [...], false)
 2 SYSTEMPATH\Model.php(394): CodeIgniter\Database\BaseBuilder->insert()
 3 SYSTEMPATH\BaseModel.php(838): CodeIgniter\Model->doInsert([...])
 4 SYSTEMPATH\Model.php(797): CodeIgniter\BaseModel->insert([...], true)
 5 APPPATH\Controllers\Usuarios.php(38): CodeIgniter\Model->insert([...])
 6 SYSTEMPATH\CodeIgniter.php(933): App\Controllers\Usuarios->store()
 7 SYSTEMPATH\CodeIgniter.php(507): CodeIgniter\CodeIgniter->runController(Object(App\Controllers\Usuarios))
 8 SYSTEMPATH\CodeIgniter.php(354): CodeIgniter\CodeIgniter->handleRequest(null, Object(Config\Cache), false)
 9 SYSTEMPATH\Boot.php(363): CodeIgniter\CodeIgniter->run()
10 SYSTEMPATH\Boot.php(68): CodeIgniter\Boot::runCodeIgniter(Object(CodeIgniter\CodeIgniter))
11 FCPATH\index.php(59): CodeIgniter\Boot::bootWeb(Object(Config\Paths))
CRITICAL - 2025-11-13 16:49:56 --> [Caused by] CodeIgniter\Database\Exceptions\DatabaseException: Duplicate entry 'admin@mail.com' for key 'usuarios.correo'
in SYSTEMPATH\Database\MySQLi\Connection.php on line 332.
 1 SYSTEMPATH\Database\BaseConnection.php(729): CodeIgniter\Database\MySQLi\Connection->execute('INSERT INTO `usuarios` (`nombre`, `correo`, `usuario`, `password_hash`, `rol`, `estado`, `creado_en`, `actualizado_en`) VALUES (\'Admin\', \'admin@mail.com\', \'admin\', \'$2y$10$7s6x80DB5koyrtc/KL9zDu2ogeGrPgcbCUSKxO40b1vA.4TDN.BJi\', \'admin\', \'activo\', \'2025-11-13 16:49:55\', \'2025-11-13 16:49:55\')')
 2 SYSTEMPATH\Database\BaseConnection.php(646): CodeIgniter\Database\BaseConnection->simpleQuery('INSERT INTO `usuarios` (`nombre`, `correo`, `usuario`, `password_hash`, `rol`, `estado`, `creado_en`, `actualizado_en`) VALUES (\'Admin\', \'admin@mail.com\', \'admin\', \'$2y$10$7s6x80DB5koyrtc/KL9zDu2ogeGrPgcbCUSKxO40b1vA.4TDN.BJi\', \'admin\', \'activo\', \'2025-11-13 16:49:55\', \'2025-11-13 16:49:55\')')
 3 SYSTEMPATH\Database\BaseBuilder.php(2345): CodeIgniter\Database\BaseConnection->query('INSERT INTO `usuarios` (`nombre`, `correo`, `usuario`, `password_hash`, `rol`, `estado`, `creado_en`, `actualizado_en`) VALUES (:nombre:, :correo:, :usuario:, :password_hash:, :rol:, :estado:, :creado_en:, :actualizado_en:)', [...], false)
 4 SYSTEMPATH\Model.php(394): CodeIgniter\Database\BaseBuilder->insert()
 5 SYSTEMPATH\BaseModel.php(838): CodeIgniter\Model->doInsert([...])
 6 SYSTEMPATH\Model.php(797): CodeIgniter\BaseModel->insert([...], true)
 7 APPPATH\Controllers\Usuarios.php(38): CodeIgniter\Model->insert([...])
 8 SYSTEMPATH\CodeIgniter.php(933): App\Controllers\Usuarios->store()
 9 SYSTEMPATH\CodeIgniter.php(507): CodeIgniter\CodeIgniter->runController(Object(App\Controllers\Usuarios))
10 SYSTEMPATH\CodeIgniter.php(354): CodeIgniter\CodeIgniter->handleRequest(null, Object(Config\Cache), false)
11 SYSTEMPATH\Boot.php(363): CodeIgniter\CodeIgniter->run()
12 SYSTEMPATH\Boot.php(68): CodeIgniter\Boot::runCodeIgniter(Object(CodeIgniter\CodeIgniter))
13 FCPATH\index.php(59): CodeIgniter\Boot::bootWeb(Object(Config\Paths))
CRITICAL - 2025-11-13 16:49:56 --> [Caused by] mysqli_sql_exception: Duplicate entry 'admin@mail.com' for key 'usuarios.correo'
in SYSTEMPATH\Database\MySQLi\Connection.php on line 327.
 1 SYSTEMPATH\Database\MySQLi\Connection.php(327): mysqli->query('INSERT INTO `usuarios` (`nombre`, `correo`, `usuario`, `password_hash`, `rol`, `estado`, `creado_en`, `actualizado_en`) VALUES (\'Admin\', \'admin@mail.com\', \'admin\', \'$2y$10$7s6x80DB5koyrtc/KL9zDu2ogeGrPgcbCUSKxO40b1vA.4TDN.BJi\', \'admin\', \'activo\', \'2025-11-13 16:49:55\', \'2025-11-13 16:49:55\')', 0)
 2 SYSTEMPATH\Database\BaseConnection.php(729): CodeIgniter\Database\MySQLi\Connection->execute('INSERT INTO `usuarios` (`nombre`, `correo`, `usuario`, `password_hash`, `rol`, `estado`, `creado_en`, `actualizado_en`) VALUES (\'Admin\', \'admin@mail.com\', \'admin\', \'$2y$10$7s6x80DB5koyrtc/KL9zDu2ogeGrPgcbCUSKxO40b1vA.4TDN.BJi\', \'admin\', \'activo\', \'2025-11-13 16:49:55\', \'2025-11-13 16:49:55\')')
 3 SYSTEMPATH\Database\BaseConnection.php(646): CodeIgniter\Database\BaseConnection->simpleQuery('INSERT INTO `usuarios` (`nombre`, `correo`, `usuario`, `password_hash`, `rol`, `estado`, `creado_en`, `actualizado_en`) VALUES (\'Admin\', \'admin@mail.com\', \'admin\', \'$2y$10$7s6x80DB5koyrtc/KL9zDu2ogeGrPgcbCUSKxO40b1vA.4TDN.BJi\', \'admin\', \'activo\', \'2025-11-13 16:49:55\', \'2025-11-13 16:49:55\')')
 4 SYSTEMPATH\Database\BaseBuilder.php(2345): CodeIgniter\Database\BaseConnection->query('INSERT INTO `usuarios` (`nombre`, `correo`, `usuario`, `password_hash`, `rol`, `estado`, `creado_en`, `actualizado_en`) VALUES (:nombre:, :correo:, :usuario:, :password_hash:, :rol:, :estado:, :creado_en:, :actualizado_en:)', [...], false)
 5 SYSTEMPATH\Model.php(394): CodeIgniter\Database\BaseBuilder->insert()
 6 SYSTEMPATH\BaseModel.php(838): CodeIgniter\Model->doInsert([...])
 7 SYSTEMPATH\Model.php(797): CodeIgniter\BaseModel->insert([...], true)
 8 APPPATH\Controllers\Usuarios.php(38): CodeIgniter\Model->insert([...])
 9 SYSTEMPATH\CodeIgniter.php(933): App\Controllers\Usuarios->store()
10 SYSTEMPATH\CodeIgniter.php(507): CodeIgniter\CodeIgniter->runController(Object(App\Controllers\Usuarios))
11 SYSTEMPATH\CodeIgniter.php(354): CodeIgniter\CodeIgniter->handleRequest(null, Object(Config\Cache), false)
12 SYSTEMPATH\Boot.php(363): CodeIgniter\CodeIgniter->run()
13 SYSTEMPATH\Boot.php(68): CodeIgniter\Boot::runCodeIgniter(Object(CodeIgniter\CodeIgniter))
14 FCPATH\index.php(59): CodeIgniter\Boot::bootWeb(Object(Config\Paths))
